<?xml version="1.0" encoding="UTF-8"?>
<!-- Generated by org.testng.reporters.JUnitReportReporter -->
<testsuite hostname="X" failures="0" tests="1" name="tests.AuthorTests" time="2.022" errors="0" timestamp="2025-07-28T17:54:37 EEST" skipped="0">
  <testcase classname="tests.AuthorTests" name="testDeleteAuthor_NotFound" time="2.022"/>
</testsuite> <!-- tests.AuthorTests -->
