<?xml version="1.0" encoding="UTF-8"?>
<!-- Generated by org.testng.reporters.JUnitReportReporter -->
<testsuite hostname="X" failures="0" tests="5" name="api.Tests.BooksTests" time="6.127" errors="0" timestamp="2025-07-27T22:23:09 EEST" skipped="0">
  <testcase classname="api.Tests.BooksTests" name="testAddBook" time="3.419"/>
  <testcase classname="api.Tests.BooksTests" name="testReadBooks" time="1.803"/>
  <testcase classname="api.Tests.BooksTests" name="testReadBook" time="0.317"/>
  <testcase classname="api.Tests.BooksTests" name="testUpdateBook" time="0.259"/>
  <testcase classname="api.Tests.BooksTests" name="testDeleteBook" time="0.329"/>
</testsuite> <!-- api.Tests.BooksTests -->
