<?xml version="1.0" encoding="UTF-8"?>
<!-- Generated by org.testng.reporters.JUnitReportReporter -->
<testsuite hostname="X" failures="0" tests="1" name="tests.BooksTests" time="3.098" errors="0" timestamp="2025-07-28T18:14:55 EEST" skipped="0">
  <testcase classname="tests.BooksTests" name="testCreateBook_HappyPath" time="3.098"/>
</testsuite> <!-- tests.BooksTests -->
